<?xml version="1.0" encoding="utf-8"?><testsuites name="pytest tests"><testsuite name="pytest" errors="0" failures="0" skipped="0" tests="24" time="38.446" timestamp="2026-05-27T05:16:42.205880+00:00" hostname="agent-env-5ae6a5f9-c6ac-4616-8848-9b19719bedfe"><testcase classname="backend.tests.test_mf_tracker_api.TestDashboard" name="test_nifty" time="1.347" /><testcase classname="backend.tests.test_mf_tracker_api.TestDashboard" name="test_best_buys" time="0.057" /><testcase classname="backend.tests.test_mf_tracker_api.TestFunds" name="test_search" time="0.857" /><testcase classname="backend.tests.test_mf_tracker_api.TestFunds" name="test_search_min_length" time="0.048" /><testcase classname="backend.tests.test_mf_tracker_api.TestFunds" name="test_fund_detail" time="1.139" /><testcase classname="backend.tests.test_mf_tracker_api.TestFunds" name="test_fund_detail_invalid" time="6.523" /><testcase classname="backend.tests.test_mf_tracker_api.TestWatchlist" name="test_crud_flow" time="1.466" /><testcase classname="backend.tests.test_mf_tracker_api.TestPortfolio" name="test_crud_and_calcs" time="1.349" /><testcase classname="backend.tests.test_mf_tracker_api.TestAlerts" name="test_check_and_list" time="1.190" /><testcase classname="backend.tests.test_mf_tracker_api.TestAlerts" name="test_mark_all_and_delete" time="0.151" /><testcase classname="backend.tests.test_mf_tracker_api.TestSettings" name="test_get_and_update" time="0.196" /><testcase classname="backend.tests.test_mf_tracker_api.TestCalculators" name="test_sip" time="0.052" /><testcase classname="backend.tests.test_mf_tracker_api.TestCalculators" name="test_sip_zero_rate" time="0.050" /><testcase classname="backend.tests.test_mf_tracker_api.TestCalculators" name="test_lumpsum" time="0.051" /><testcase classname="backend.tests.test_quick_wins.TestRollingReturns" name="test_returns_keys_and_types" time="1.222" /><testcase classname="backend.tests.test_quick_wins.TestRollingReturns" name="test_returns_reasonable_values" time="1.108" /><testcase classname="backend.tests.test_quick_wins.TestRollingReturns" name="test_returns_invalid_scheme" time="6.292" /><testcase classname="backend.tests.test_quick_wins.TestPortfolioQuickWins" name="test_empty_portfolio_shape" time="0.272" /><testcase classname="backend.tests.test_quick_wins.TestPortfolioQuickWins" name="test_single_holding_with_purchase_date_xirr" time="2.529" /><testcase classname="backend.tests.test_quick_wins.TestPortfolioQuickWins" name="test_multiple_categories_breakdown" time="3.361" /><testcase classname="backend.tests.test_quick_wins.TestPortfolioQuickWins" name="test_buy_more_appends_transaction_and_recomputes_avg" time="2.552" /><testcase classname="backend.tests.test_quick_wins.TestPortfolioQuickWins" name="test_buy_more_invalid_amounts" time="1.477" /><testcase classname="backend.tests.test_quick_wins.TestPortfolioQuickWins" name="test_legacy_holding_without_transactions_still_gets_xirr" time="2.583" /><testcase classname="backend.tests.test_quick_wins.TestPortfolioQuickWins" name="test_xirr_pnl_sign_consistency" time="2.502" /></testsuite></testsuites>