<?xml version="1.0" encoding="utf-8"?><testsuites name="pytest tests"><testsuite name="pytest" errors="0" failures="0" skipped="0" tests="14" time="8.881" timestamp="2026-05-26T06:43:56.597862+00:00" hostname="agent-env-5ae6a5f9-c6ac-4616-8848-9b19719bedfe"><testcase classname="backend.tests.test_mf_tracker_api.TestDashboard" name="test_nifty" time="1.341" /><testcase classname="backend.tests.test_mf_tracker_api.TestDashboard" name="test_best_buys" time="0.048" /><testcase classname="backend.tests.test_mf_tracker_api.TestFunds" name="test_search" time="0.845" /><testcase classname="backend.tests.test_mf_tracker_api.TestFunds" name="test_search_min_length" time="0.046" /><testcase classname="backend.tests.test_mf_tracker_api.TestFunds" name="test_fund_detail" time="1.157" /><testcase classname="backend.tests.test_mf_tracker_api.TestFunds" name="test_fund_detail_invalid" time="0.827" /><testcase classname="backend.tests.test_mf_tracker_api.TestWatchlist" name="test_crud_flow" time="1.445" /><testcase classname="backend.tests.test_mf_tracker_api.TestPortfolio" name="test_crud_and_calcs" time="1.416" /><testcase classname="backend.tests.test_mf_tracker_api.TestAlerts" name="test_check_and_list" time="1.151" /><testcase classname="backend.tests.test_mf_tracker_api.TestAlerts" name="test_mark_all_and_delete" time="0.130" /><testcase classname="backend.tests.test_mf_tracker_api.TestSettings" name="test_get_and_update" time="0.174" /><testcase classname="backend.tests.test_mf_tracker_api.TestCalculators" name="test_sip" time="0.043" /><testcase classname="backend.tests.test_mf_tracker_api.TestCalculators" name="test_sip_zero_rate" time="0.043" /><testcase classname="backend.tests.test_mf_tracker_api.TestCalculators" name="test_lumpsum" time="0.043" /></testsuite></testsuites>