<?xml version="1.0" encoding="utf-8"?><testsuites name="pytest tests"><testsuite name="pytest" errors="0" failures="0" skipped="0" tests="10" time="24.699" timestamp="2026-05-27T05:16:10.109501+00:00" hostname="agent-env-5ae6a5f9-c6ac-4616-8848-9b19719bedfe"><testcase classname="backend.tests.test_quick_wins.TestRollingReturns" name="test_returns_keys_and_types" time="1.431" /><testcase classname="backend.tests.test_quick_wins.TestRollingReturns" name="test_returns_reasonable_values" time="1.113" /><testcase classname="backend.tests.test_quick_wins.TestRollingReturns" name="test_returns_invalid_scheme" time="6.578" /><testcase classname="backend.tests.test_quick_wins.TestPortfolioQuickWins" name="test_empty_portfolio_shape" time="0.310" /><testcase classname="backend.tests.test_quick_wins.TestPortfolioQuickWins" name="test_single_holding_with_purchase_date_xirr" time="2.627" /><testcase classname="backend.tests.test_quick_wins.TestPortfolioQuickWins" name="test_multiple_categories_breakdown" time="3.350" /><testcase classname="backend.tests.test_quick_wins.TestPortfolioQuickWins" name="test_buy_more_appends_transaction_and_recomputes_avg" time="2.564" /><testcase classname="backend.tests.test_quick_wins.TestPortfolioQuickWins" name="test_buy_more_invalid_amounts" time="1.512" /><testcase classname="backend.tests.test_quick_wins.TestPortfolioQuickWins" name="test_legacy_holding_without_transactions_still_gets_xirr" time="2.527" /><testcase classname="backend.tests.test_quick_wins.TestPortfolioQuickWins" name="test_xirr_pnl_sign_consistency" time="2.606" /></testsuite></testsuites>